among-us-clonecoding/Temp/gradleOut/unityLibrary/build/intermediates/manifest_merge_blame_file/release/manifest-merger-blame-release-report.txt
1<?xml version="1.0" encoding="utf-8"?>
2<!-- GENERATED BY UNITY. REMOVE THIS COMMENT TO PREVENT OVERWRITING WHEN EXPORTING AGAIN -->
3<manifest xmlns:android="http://schemas.android.com/apk/res/android"
4    xmlns:tools="http://schemas.android.com/tools"
5    package="com.unity3d.player"
6    android:versionCode="1"
7    android:versionName="1.0" >
8
9    <uses-sdk
10        android:minSdkVersion="19"
10-->src\main\AndroidManifest.xml
11        android:targetSdkVersion="29" />
11-->src\main\AndroidManifest.xml
12
13    <uses-feature android:glEsVersion="0x00030000" />
13-->src\main\AndroidManifest.xml:18:3-52
13-->src\main\AndroidManifest.xml:18:17-49
14    <uses-feature
14-->src\main\AndroidManifest.xml:19:3-91
15        android:name="android.hardware.vulkan.version"
15-->src\main\AndroidManifest.xml:19:17-63
16        android:required="false" />
16-->src\main\AndroidManifest.xml:19:64-88
17
18    <uses-permission android:name="android.permission.INTERNET" />
18-->src\main\AndroidManifest.xml:20:3-65
18-->src\main\AndroidManifest.xml:20:20-62
19
20    <uses-feature
20-->src\main\AndroidManifest.xml:21:3-88
21        android:name="android.hardware.touchscreen"
21-->src\main\AndroidManifest.xml:21:17-60
22        android:required="false" />
22-->src\main\AndroidManifest.xml:21:61-85
23    <uses-feature
23-->src\main\AndroidManifest.xml:22:3-99
24        android:name="android.hardware.touchscreen.multitouch"
24-->src\main\AndroidManifest.xml:22:17-71
25        android:required="false" />
25-->src\main\AndroidManifest.xml:22:72-96
26    <uses-feature
26-->src\main\AndroidManifest.xml:23:3-108
27        android:name="android.hardware.touchscreen.multitouch.distinct"
27-->src\main\AndroidManifest.xml:23:17-80
28        android:required="false" />
28-->src\main\AndroidManifest.xml:23:81-105
29
30    <uses-permission android:name="android.permission.CHANGE_WIFI_MULTICAST_STATE" />
30-->src\main\AndroidManifest.xml:24:3-84
30-->src\main\AndroidManifest.xml:24:20-81
31
32    <application>
32-->src\main\AndroidManifest.xml:4:3-17:17
33        <activity
33-->src\main\AndroidManifest.xml:5:5-12:16
34            android:name="com.unity3d.player.UnityPlayerActivity"
34-->src\main\AndroidManifest.xml:5:15-68
35            android:configChanges="mcc|mnc|locale|touchscreen|keyboard|keyboardHidden|navigation|orientation|screenLayout|uiMode|screenSize|smallestScreenSize|fontScale|layoutDirection|density"
35-->src\main\AndroidManifest.xml:5:188-369
36            android:hardwareAccelerated="false"
36-->src\main\AndroidManifest.xml:5:370-405
37            android:launchMode="singleTask"
37-->src\main\AndroidManifest.xml:5:156-187
38            android:screenOrientation="reverseLandscape"
38-->src\main\AndroidManifest.xml:5:111-155
39            android:theme="@style/UnityThemeSelector" >
39-->src\main\AndroidManifest.xml:5:69-110
40            <intent-filter>
40-->src\main\AndroidManifest.xml:6:7-9:23
41                <action android:name="android.intent.action.MAIN" />
41-->src\main\AndroidManifest.xml:7:9-61
41-->src\main\AndroidManifest.xml:7:17-58
42
43                <category android:name="android.intent.category.LAUNCHER" />
43-->src\main\AndroidManifest.xml:8:9-69
43-->src\main\AndroidManifest.xml:8:19-66
44            </intent-filter>
45
46            <meta-data
46-->src\main\AndroidManifest.xml:10:7-82
47                android:name="unityplayer.UnityActivity"
47-->src\main\AndroidManifest.xml:10:18-58
48                android:value="true" />
48-->src\main\AndroidManifest.xml:10:59-79
49            <meta-data
49-->src\main\AndroidManifest.xml:11:7-78
50                android:name="android.notch_support"
50-->src\main\AndroidManifest.xml:11:18-54
51                android:value="true" />
51-->src\main\AndroidManifest.xml:11:55-75
52        </activity>
53
54        <meta-data
54-->src\main\AndroidManifest.xml:13:5-69
55            android:name="unity.splash-mode"
55-->src\main\AndroidManifest.xml:13:16-48
56            android:value="0" />
56-->src\main\AndroidManifest.xml:13:49-66
57        <meta-data
57-->src\main\AndroidManifest.xml:14:5-74
58            android:name="unity.splash-enable"
58-->src\main\AndroidManifest.xml:14:16-50
59            android:value="True" />
59-->src\main\AndroidManifest.xml:14:51-71
60        <meta-data
60-->src\main\AndroidManifest.xml:15:5-81
61            android:name="notch.config"
61-->src\main\AndroidManifest.xml:15:16-43
62            android:value="portrait|landscape" />
62-->src\main\AndroidManifest.xml:15:44-78
63        <meta-data
63-->src\main\AndroidManifest.xml:16:5-101
64            android:name="unity.build-id"
64-->src\main\AndroidManifest.xml:16:16-45
65            android:value="2c2cd253-b79f-4a27-a41e-6b64c480cd1b" />
65-->src\main\AndroidManifest.xml:16:46-98
66    </application>
67
68</manifest>